2022-01-10 11:34:16: LOG: Import: /home/gravegrow/Downloads/Compsognath.fbx
2022-01-11 15:45:43: LOG: Import: /home/gravegrow/Downloads/touristGirl.fbx
2022-01-12 11:04:02: LOG: Import: /home/gravegrow/Downloads/dolphin.fbx
2022-01-12 11:49:26: LOG: Import: /home/gravegrow/Downloads/dolphin.fbx
2022-01-12 14:39:10: LOG: Import: /home/gravegrow/Downloads/Goatie.fbx
2022-01-17 11:59:11: LOG: Import: /home/gravegrow/Downloads/excavator.fbx
2022-01-18 11:09:18: LOG: Import: /home/gravegrow/Downloads/Dragon.fbx
2022-01-24 17:23:05: LOG: Import: /home/gravegrow/Downloads/babyKrosh.fbx
2022-01-25 15:29:04: LOG: Import: /home/gravegrow/Desktop/kid_krosh_face_anim.fbx
2022-01-25 15:29:07: LOG: [WARNING] BindPose - Incomplete BindPose [nodes parents] - The following parent and/or ancestor node(s) is/are not part of the BindPose definition. geo
2022-01-25 15:31:37: LOG: Import: /home/gravegrow/Desktop/kid_krosh_face_anim.fbx
2022-01-25 15:31:37: LOG: [WARNING] BindPose - Incomplete BindPose [nodes parents] - The following parent and/or ancestor node(s) is/are not part of the BindPose definition. geo
2022-01-26 17:33:44: LOG: Import: /home/gravegrow/Downloads/Shpulya.fbx
2022-01-28 17:18:23: LOG: Import: /home/gravegrow/Downloads/Freeak-Geek.fbx
2022-02-03 12:22:27: LOG: Import: /home/gravegrow/Downloads/tanystropheus.fbx
2022-02-09 11:20:54: LOG: Import: /home/gravegrow/Downloads/Mussaurus.fbx
2022-02-11 17:07:26: LOG: Import: /home/gravegrow/Downloads/Sharovipteryx.fbx
2022-02-16 09:32:47: LOG: Import: /home/gravegrow/Downloads/Anurognatidae.fbx
2022-02-21 11:53:26: LOG: Import: /home/gravegrow/Downloads/Mixosaurus .fbx
2022-02-24 11:43:09: LOG: Import: /home/gravegrow/Downloads/cockroach.fbx
2022-02-28 10:13:42: LOG: Import: /home/gravegrow/Downloads/Amargasaurus.fbx
2022-03-11 10:33:12: LOG: Import: /home/gravegrow/Downloads/brachiosaurus_lp.fbx
2022-03-16 10:08:55: LOG: Import: /home/gravegrow/Downloads/Elasmosaurus.fbx
2022-03-17 12:55:30: LOG: Import: /home/gravegrow/Downloads/Prince_Skarf.fbx
2022-03-17 13:32:15: LOG: Import: /home/gravegrow/Downloads/Prince_Skarf.fbx
2022-03-18 13:12:48: LOG: Import: /home/gravegrow/Downloads/Prince_Skarf .fbx
2022-03-22 13:49:44: LOG: Import: /home/gravegrow/Downloads/Iguanodon.fbx
2022-03-22 13:54:18: LOG: Import: /home/gravegrow/Downloads/Iguanodon.fbx
